<?xml version="1.0" encoding="UTF-8"?>
<!-- Generated by org.testng.reporters.JUnitXMLReporter -->
<testsuite hostname="Acer" name="Test" tests="6" failures="0" timestamp="21 Sep 2020 04:56:38 GMT" time="0.043" errors="0">
  <testcase name="demo3" time="0.01" classname="firstProject.RestAssuredTest"/>
  <testcase name="demo4" time="0.002" classname="firstProject.RestAssuredTest"/>
  <testcase name="demo5" time="0.005" classname="firstProject.SeleniumTest"/>
  <testcase name="demo6" time="0.001" classname="firstProject.SeleniumTest"/>
  <testcase name="demo1" time="0.001" classname="firstProject.AppiumTest"/>
  <testcase name="demo2" time="0.001" classname="firstProject.AppiumTest"/>
</testsuite> <!-- Test -->
